TN:
SF:src\router.ts
FN:24,(anonymous_0)
FN:36,(anonymous_1)
FNF:2
FNH:2
FNDA:4,(anonymous_0)
FNDA:5,(anonymous_1)
DA:1,2
DA:2,2
DA:3,2
DA:4,2
DA:6,2
DA:10,2
DA:11,2
DA:17,2
DA:24,4
DA:29,2
DA:36,5
DA:43,2
DA:49,2
DA:55,2
LF:14
LH:14
BRF:0
BRH:0
end_of_record
TN:
SF:src\server.ts
FN:7,connectDB
FN:27,(anonymous_2)
FNF:2
FNH:2
FNDA:2,connectDB
FNDA:1,(anonymous_2)
DA:1,2
DA:2,2
DA:3,2
DA:4,2
DA:8,2
DA:9,2
DA:10,1
DA:13,0
DA:14,0
DA:17,2
DA:19,2
DA:22,2
DA:25,2
DA:27,2
DA:28,1
DA:31,2
LF:16
LH:14
BRF:0
BRH:0
end_of_record
TN:
SF:src\config\db.ts
FNF:0
FNH:0
DA:1,2
DA:2,2
DA:3,2
DA:6,2
DA:11,2
LF:5
LH:5
BRF:0
BRH:0
end_of_record
TN:
SF:src\handlers\product.ts
FN:5,(anonymous_1)
FN:14,(anonymous_2)
FN:26,(anonymous_3)
FN:35,(anonymous_4)
FN:52,(anonymous_5)
FN:69,(anonymous_6)
FNF:6
FNH:6
FNDA:2,(anonymous_1)
FNDA:2,(anonymous_2)
FNDA:1,(anonymous_3)
FNDA:2,(anonymous_4)
FNDA:1,(anonymous_5)
FNDA:2,(anonymous_6)
DA:2,2
DA:5,2
DA:6,2
DA:11,2
DA:14,2
DA:15,2
DA:16,2
DA:17,2
DA:18,1
DA:22,1
DA:26,2
DA:27,1
DA:32,1
DA:35,2
DA:36,2
DA:37,2
DA:39,2
DA:40,1
DA:46,1
DA:47,1
DA:48,1
DA:52,2
DA:53,1
DA:54,1
DA:56,1
DA:57,1
DA:63,0
DA:64,0
DA:65,0
DA:69,2
DA:70,2
DA:71,2
DA:73,2
DA:74,1
DA:78,1
DA:79,1
LF:36
LH:33
BRDA:17,0,0,1
BRDA:17,0,1,1
BRDA:39,1,0,1
BRDA:39,1,1,1
BRDA:56,2,0,1
BRDA:56,2,1,0
BRDA:73,3,0,1
BRDA:73,3,1,1
BRF:8
BRH:7
end_of_record
TN:
SF:src\middleware\index.ts
FN:4,(anonymous_0)
FNF:1
FNH:1
FNDA:16,(anonymous_0)
DA:2,2
DA:4,2
DA:6,16
DA:7,16
DA:8,8
DA:12,8
LF:6
LH:6
BRDA:7,0,0,8
BRDA:7,0,1,8
BRF:2
BRH:2
end_of_record
TN:
SF:src\models\Product.model.ts
FNF:0
FNH:0
DA:1,2
DA:7,2
DA:11,2
DA:15,2
DA:21,2
DA:24,2
LF:6
LH:6
BRF:0
BRH:0
end_of_record
